10:46:41.710 INFO    thonny: Thonny version: 4.0.1
10:46:41.710 INFO    thonny: cwd: /usr/lib/python3/dist-packages
10:46:41.710 INFO    thonny: original argv: ['/usr/bin/python3', '-u', '-B', '-m', 'thonny.plugins.cpython_backend.cp_launcher', '/home/localadmin']
10:46:41.710 INFO    thonny: sys.executable: /usr/bin/python3
10:46:41.711 INFO    thonny: sys.argv: ['/usr/lib/python3/dist-packages/thonny/plugins/cpython_backend/cp_launcher.py', '/home/localadmin']
10:46:41.711 INFO    thonny: sys.path: ['/usr/lib/python3/dist-packages', '/usr/lib/python312.zip', '/usr/lib/python3.12', '/usr/lib/python3.12/lib-dynload', '/usr/local/lib/python3.12/dist-packages', '/usr/lib/python3/dist-packages', '/usr/lib/python3.12/dist-packages']
10:46:41.711 INFO    thonny: sys.flags: sys.flags(debug=0, inspect=0, interactive=0, optimize=0, dont_write_bytecode=1, no_user_site=0, no_site=0, ignore_environment=0, verbose=0, bytes_warning=0, quiet=0, hash_randomization=1, isolated=0, dev_mode=False, utf8_mode=0, warn_default_encoding=0, safe_path=False, int_max_str_digits=4300)
10:46:41.711 INFO    thonny: TIME/MODS 0.002 Before constructing backend (+2 modules)
10:46:41.711 INFO    thonny: NEW MODS ['encodings.ascii', 'faulthandler']
10:46:41.711 INFO    thonny: TIME/MODS 0.000 Before MainBackend 
10:46:41.711 INFO    thonny: TIME/MODS 0.000 After MainBackend 
10:46:41.718 INFO    thonny.backend: Loading plugins
10:46:41.718 INFO    thonny: TIME/MODS 0.007 Before loading plugins (+6 modules)
10:46:41.718 INFO    thonny: NEW MODS ['__future__', '_sysconfigdata__x86_64-linux-gnu', 'pkgutil', 'platform', 'pydoc', 'sysconfig']
10:46:41.718 INFO    thonny.common: Using THONNY_FRONTEND_SYS_PATH ['/usr/bin', '/usr/lib/python312.zip', '/usr/lib/python3.12', '/usr/lib/python3.12/lib-dynload', '/usr/local/lib/python3.12/dist-packages', '/usr/lib/python3/dist-packages', '/usr/lib/python3.12/dist-packages', '/home/localadmin/.config/Thonny/plugins/lib/python3.12/site-packages']
10:46:41.720 INFO    thonny.backend: Loading plugin 'thonny.plugins.backend.birdseye_backend'
10:46:41.722 INFO    thonny.backend: Loading plugin 'thonny.plugins.backend.dock_user_windows_backend'
10:46:41.724 INFO    thonny.backend: Loading plugin 'thonny.plugins.backend.flask_backend'
10:46:41.725 INFO    thonny.backend: Loading plugin 'thonny.plugins.backend.matplotlib_backend'
10:46:41.727 INFO    thonny.backend: Loading plugin 'thonny.plugins.backend.pgzero_backend'
10:46:41.729 INFO    thonny: TIME/MODS 0.011 After loading plugins (+6 modules)
10:46:41.729 INFO    thonny: NEW MODS ['thonny.plugins.backend', 'thonny.plugins.backend.birdseye_backend', 'thonny.plugins.backend.dock_user_windows_backend', 'thonny.plugins.backend.flask_backend', 'thonny.plugins.backend.matplotlib_backend', 'thonny.plugins.backend.pgzero_backend']
10:46:41.729 INFO    thonny: TIME/MODS 0.000 Beginning of mainloop 
10:46:41.730 INFO    thonny: TIME/MODS 0.000 Sending message ToplevelResponse 
10:46:41.730 INFO    thonny.backend: Loading Jedi
10:46:41.730 INFO    thonny: TIME/MODS 0.000 Before loading Jedi 
10:46:41.730 INFO    thonny.common: Using THONNY_FRONTEND_SYS_PATH ['/usr/bin', '/usr/lib/python312.zip', '/usr/lib/python3.12', '/usr/lib/python3.12/lib-dynload', '/usr/local/lib/python3.12/dist-packages', '/usr/lib/python3/dist-packages', '/usr/lib/python3.12/dist-packages', '/home/localadmin/.config/Thonny/plugins/lib/python3.12/site-packages']
10:46:41.959 INFO    thonny: TIME/MODS 0.229 After loading Jedi (+136 modules)
10:46:41.960 INFO    thonny: NEW MODS ['_blake2', '_bz2', '_compat_pickle', '_compression', '_ctypes', '_hashlib', '_json', '_lzma', '_pickle', '_struct', 'binascii', 'bz2', 'colorama', 'colorama.ansi', 'colorama.ansitowin32', 'colorama.initialise', 'colorama.win32', 'colorama.winterm', 'ctypes', 'ctypes._endian', 'difflib', 'filecmp', 'gc', 'hashlib', 'jedi', 'jedi._compatibility', 'jedi.api', 'jedi.api.classes', 'jedi.api.completion', 'jedi.api.completion_cache', 'jedi.api.environment', 'jedi.api.errors', 'jedi.api.exceptions', 'jedi.api.file_name', 'jedi.api.helpers', 'jedi.api.interpreter', 'jedi.api.keywords', 'jedi.api.project', 'jedi.api.refactoring', 'jedi.api.refactoring.extract', 'jedi.api.strings', 'jedi.cache', 'jedi.common', 'jedi.debug', 'jedi.file_io', 'jedi.inference', 'jedi.inference.analysis', 'jedi.inference.arguments', 'jedi.inference.base_value', 'jedi.inference.cache', 'jedi.inference.compiled', 'jedi.inference.compiled.access', 'jedi.inference.compiled.getattr_static', 'jedi.inference.compiled.mixed', 'jedi.inference.compiled.subprocess', 'jedi.inference.compiled.subprocess.functions', 'jedi.inference.compiled.value', 'jedi.inference.context', 'jedi.inference.docstring_utils', 'jedi.inference.docstrings', 'jedi.inference.filters', 'jedi.inference.flow_analysis', 'jedi.inference.gradual', 'jedi.inference.gradual.annotation', 'jedi.inference.gradual.base', 'jedi.inference.gradual.conversion', 'jedi.inference.gradual.generics', 'jedi.inference.gradual.stub_value', 'jedi.inference.gradual.type_var', 'jedi.inference.gradual.typeshed', 'jedi.inference.gradual.typing', 'jedi.inference.gradual.utils', 'jedi.inference.helpers', 'jedi.inference.imports', 'jedi.inference.lazy_value', 'jedi.inference.names', 'jedi.inference.param', 'jedi.inference.parser_cache', 'jedi.inference.recursion', 'jedi.inference.references', 'jedi.inference.signature', 'jedi.inference.syntax_tree', 'jedi.inference.sys_path', 'jedi.inference.utils', 'jedi.inference.value', 'jedi.inference.value.decorator', 'jedi.inference.value.dynamic_arrays', 'jedi.inference.value.function', 'jedi.inference.value.instance', 'jedi.inference.value.iterable', 'jedi.inference.value.klass', 'jedi.inference.value.module', 'jedi.inference.value.namespace', 'jedi.parser_utils', 'jedi.plugins', 'jedi.plugins.django', 'jedi.plugins.flask', 'jedi.plugins.pytest', 'jedi.plugins.registry', 'jedi.plugins.stdlib', 'jedi.settings', 'json', 'json.decoder', 'json.encoder', 'json.scanner', 'lzma', 'parso', 'parso._compatibility', 'parso.cache', 'parso.file_io', 'parso.grammar', 'parso.normalizer', 'parso.parser', 'parso.pgen2', 'parso.pgen2.generator', 'parso.pgen2.grammar_parser', 'parso.python', 'parso.python.diff', 'parso.python.errors', 'parso.python.parser', 'parso.python.pep8', 'parso.python.prefix', 'parso.python.token', 'parso.python.tokenize', 'parso.python.tree', 'parso.tree', 'parso.utils', 'pickle', 'pydoc_data', 'pydoc_data.topics', 'shutil', 'struct', 'zipfile', 'zipfile._path', 'zipfile._path.glob', 'zlib']
